<?xml version="1.0" encoding="UTF-8"?>
<!-- Generated by org.testng.reporters.JUnitXMLReporter -->
<testsuite hostname="rajani-PC" name="Default test" tests="3" failures="0" timestamp="6 Apr 2019 12:09:25 GMT" time="0.063" errors="0">
  <testcase name="dataProviderTest1" time="0.016" classname="maven.mavenProject.DataProviderTest"/>
  <testcase name="dataProviderTest1" time="0.0" classname="maven.mavenProject.DataProviderTest"/>
  <testcase name="test2" time="0.0" classname="maven.mavenProject.DataProviderTest">
    <skipped/>
  </testcase> <!-- test2 -->
</testsuite> <!-- Default test -->
